2019-06-19 13:04:40,642 - __main__ - INFO - Saving metadata general information on enriqueblancoh.json
2019-06-19 13:04:41,826 - __main__ - WARNING - Failed to get media details for BxqD60yHoUTPcNNrm9zeNUvod85AKc8m-boPGs0
2019-06-19 13:04:42,422 - __main__ - WARNING - Failed to get media details for BxqD60znJZREiXvr65Pr9iUlF8B5ogSbS9fVvI0
2019-06-19 13:04:42,997 - __main__ - WARNING - Failed to get media details for BxqD60zHFjpmlFBfw4UWhAw4CWZmzxeKVRQ3qU0
2019-06-19 13:04:43,555 - __main__ - WARNING - Failed to get media details for BxqD601H9DhFKUYW9WyMfLV9A4e3wh-nCiXYJ40
2019-06-19 13:04:44,124 - __main__ - WARNING - Failed to get media details for BxqD600HWzF-15VPPza-XHK0gdonS3xBPiasKw0
2019-06-19 13:04:44,720 - __main__ - WARNING - Failed to get media details for BxqD6PYnu-gh3NPLTZtOT0dXAhCtOIgpvHW2OM0
2019-06-19 13:04:45,262 - __main__ - WARNING - Failed to get media details for BxqD60ynIYRnjx9ID__I2ddkhwUeF8CZ9ZlimY0
2019-06-19 13:04:46,072 - __main__ - WARNING - Failed to get media details for Bt4G51kgTBJhQAGcx8K1sb7Mnk2BME9kP5GXrs0
2019-06-19 13:04:46,610 - __main__ - WARNING - Failed to get media details for Bt4G51igT1MHBNSI1m-ls3qZ_hqRiTXkoKb-sw0
2019-06-19 13:04:47,191 - __main__ - WARNING - Failed to get media details for Bt4G51jgToNdIADpPO7aYrD7EF0iDwei_-YNY80
2019-06-19 13:04:47,912 - __main__ - WARNING - Failed to get media details for Bt4G51mAygVTascED0gPlI91zEubaXTKlyh4fc0
2019-06-19 13:04:48,463 - __main__ - WARNING - Failed to get media details for Bt4G51jAU-oJoGVoPNS1jvw4viLqtIJ0hIigEg0
2019-06-19 13:04:49,012 - __main__ - WARNING - Failed to get media details for Bt4G51kgZHYD9FFjO4S6oUSbWwwlnlvH9uX2t40
2019-06-19 13:04:49,523 - __main__ - WARNING - Retry after exception ChunkedEncodingError(ProtocolError('Connection broken: OSError("(10054, \'WSAECONNRESET\')",)', OSError("(10054, 'WSAECONNRESET')",)),) on https://www.instagram.com/p/Bt4G51kAeK43LI5KkdfrDgAy4mONFT7-9ismq00/?__a=1
2019-06-19 13:04:55,079 - __main__ - WARNING - Failed to get media details for Bt4G51kAeK43LI5KkdfrDgAy4mONFT7-9ismq00
2019-06-19 13:04:55,620 - __main__ - WARNING - Failed to get media details for Bt4G51mAiwwy8GsfnFp2QIawEzeXiO4_E-sPDI0
2019-06-19 13:04:56,170 - __main__ - WARNING - Failed to get media details for Bt4G51mgEvg342yoQ6y52epGIevunB8fnNBpnE0
2019-06-19 13:04:56,776 - __main__ - WARNING - Failed to get media details for Bt4G51lAXE9JTPGYUh0f3nKZUFjGvKGaVe2oVk0
2019-06-19 13:04:58,497 - __main__ - WARNING - Failed to get media details for Bs8101RnuSmfKH7TbKM4ZEX4bEfQNjdrEt_xuA0
2019-06-19 13:04:59,051 - __main__ - WARNING - Failed to get media details for Bs8101SHUHuW4ea5t4qrKe0Un1B_G7ZGVu-Vbw0
2019-06-19 13:04:59,592 - __main__ - WARNING - Failed to get media details for Bs8101THFrUewCQAntt7xemq8xvjkFGoCHTYsY0
2019-06-19 13:05:00,101 - __main__ - WARNING - Failed to get media details for Bs8101Sn9De_h673_n_XUOmQHbHQoe_jwpD4cw0
2019-06-19 13:05:00,643 - __main__ - WARNING - Failed to get media details for Bs8101SnEbJuwEJmfY50voqjIE7EGxK96RJZbI0
2019-06-19 13:05:01,436 - __main__ - WARNING - Failed to get media details for BsdmrQFnpjFTbT1lPyIJRe6Bk1hmhjz2lmcJzg0
2019-06-19 13:05:01,972 - __main__ - WARNING - Failed to get media details for BsdmrQIn2KYCH3uJtRl2bJhQoYhwPpggvjaI2g0
2019-06-19 13:05:02,495 - __main__ - WARNING - Failed to get media details for BsdmrQGn4ff7Jr-pG7ZLgleb0UBnV-MxQ_2K7Q0
2019-06-19 13:05:03,033 - __main__ - WARNING - Failed to get media details for BsdmrQIH4mM9LC-eHG8Ks-DNtgi327kVRf3lJc0
2019-06-19 13:05:03,577 - __main__ - WARNING - Failed to get media details for BsdmrQGHGjwBixY-yk0GuG9szl2mLI25tfF_NM0
2019-06-19 13:05:04,149 - __main__ - WARNING - Failed to get media details for BsdmrQInAERO0evSXUOlqsQii4rscodPxgU81A0
2019-06-19 13:05:04,673 - __main__ - WARNING - Failed to get media details for BsdmrQHnXrA5fsiAR-wRUqneRZtnOdsyESgnzw0
2019-06-19 13:05:05,245 - __main__ - WARNING - Failed to get media details for BsdmrQJH8fww6tK79FaDnIkCBwLuTsmxBNdQYk0
2019-06-19 13:05:06,137 - __main__ - WARNING - Failed to get media details for Br21yoSHd_cf4g74d3kT_XFCI0wbYd3bFTIqrk0
2019-06-19 13:05:06,709 - __main__ - WARNING - Failed to get media details for Br21yoRn-JiKT52WTzjiHCmELmrTN8mxF4Ncm00
2019-06-19 13:05:07,309 - __main__ - WARNING - Failed to get media details for Br21yoQnCBHqYreeGIEFEkCGJnuzxhwkBE3-Wc0
2019-06-19 13:05:07,856 - __main__ - WARNING - Failed to get media details for Br21yoTn4HvwbMQ_CeEiBcebjkdt9at6mGYYm40
2019-06-19 13:05:08,428 - __main__ - WARNING - Failed to get media details for Br21yoSHHxuVgCZMkHemmWSs5RLnfdp28VjMzM0
2019-06-19 13:05:08,978 - __main__ - WARNING - Failed to get media details for Br21yoQHSZEJKFtAzc8rICJG7bQcEOa8nBIq4A0
2019-06-19 13:05:09,539 - __main__ - WARNING - Failed to get media details for Br21yoSn6qurUh_yDFGFgfHM0iKHkgHHrc8Uq40
2019-06-19 13:05:10,100 - __main__ - WARNING - Failed to get media details for Br21yoTHnusnfNpElQ4A7ZMLOW15Y_NP_VARtg0
2019-06-19 13:05:10,680 - __main__ - WARNING - Failed to get media details for Br21yoRH6GUQXx4JkKyUy-D3-s0Cg5n8L8B4O80
2019-06-19 13:05:11,247 - __main__ - WARNING - Failed to get media details for Br21yoTnV88K4Hcs9WV-rYhgKzwsCPkxrV-7N00
2019-06-19 13:05:12,137 - __main__ - WARNING - Failed to get media details for BrQPQNDnlMGHUuQaEQ4VWixSskvZLLwtBE3jKo0
2019-06-19 13:05:12,741 - __main__ - WARNING - Failed to get media details for BrQPQM6HCxFK5Ijq_QedbvO6g7zSPHCjOs4FM80
2019-06-19 13:05:13,347 - __main__ - WARNING - Failed to get media details for BrQPQM5nR5Zb0AqcD3CCTt7C9ocLACyTi1oiqY0
2019-06-19 13:05:13,937 - __main__ - WARNING - Failed to get media details for BrQPQNDHbwMxjqZmS8jQVteeYcFDjQCSsYxkD40
2019-06-19 13:05:14,505 - __main__ - WARNING - Failed to get media details for BrQPQNDnJJqNUmOvSNoh42XtRjvXCzYnLOGgTQ0
2019-06-19 13:05:15,142 - __main__ - WARNING - Failed to get media details for BrQPQM3HEjwNBeK2LugVUDUbkFNvEJ_a6uFOls0
2019-06-19 13:05:15,700 - __main__ - WARNING - Failed to get media details for BrQPQM6n_Eyw66_e92wvKSgmOHkRS33eMl4Rk40
2019-06-19 13:05:16,306 - __main__ - WARNING - Failed to get media details for BrQPQM6H76xgeG1nWMwHW9XcmXLBP9jfr2RP0Y0
2019-06-19 13:05:16,936 - __main__ - WARNING - Failed to get media details for BrQPQM3nPX0oBuZcMChEveC5yf8Bjz73zfp2uM0
2019-06-19 13:05:17,583 - __main__ - WARNING - Failed to get media details for BrQPQNEHmS-okIUxYmt-2RD0FgtaKDOlG9-M4I0
2019-06-19 13:05:18,534 - __main__ - WARNING - Failed to get media details for BqIkLaDH7dQMnfDKGhdQ3Yx99O8o5fPVzQnvDY0
2019-06-19 13:05:19,074 - __main__ - WARNING - Failed to get media details for BqIkLaEHZmHn5-78USC-J6X9Ov1wnGE3W-foEI0
2019-06-19 13:05:19,615 - __main__ - WARNING - Failed to get media details for BqIkLaCHYe-qCQKdfzGzdsYTdDrmtSL42OeJFQ0
2019-06-19 13:05:20,141 - __main__ - WARNING - Failed to get media details for BqIkLaEn4pC_AZjSar89DtRCP9BiTppptkCQl80
2019-06-19 13:05:20,662 - __main__ - WARNING - Failed to get media details for BqIkLaDHx04jUkmVO7G_Z4Aep-TLOTzPFHTNEU0
2019-06-19 13:05:21,210 - __main__ - WARNING - Failed to get media details for BqIkLaEHq4ca5Lx2oJkUASJKBDYGak3tXFMg8Q0
2019-06-19 13:05:21,729 - __main__ - WARNING - Failed to get media details for BqIkJMxHh8190d3gMtyKdUmxiJeyjoozX6uPxs0
2019-06-19 13:05:22,495 - __main__ - WARNING - Failed to get media details for Bpm1MiNnefAvzC--FAWs733QAACEXG6LsfFhdE0
2019-06-19 13:05:23,019 - __main__ - WARNING - Failed to get media details for Bpm1MiOnSQHNowVfZSoakiT_WfrUhSK-x5AwtU0
2019-06-19 13:05:23,599 - __main__ - WARNING - Failed to get media details for Bpm1MiMHaLy8nN1jXnqr5AsYqyMxmDk_6VADWc0
2019-06-19 13:05:24,086 - __main__ - WARNING - Failed to get media details for Bpm1MiNnOwrBVcqcEP3aZbxYT-l1DN0Jz3gRW80
2019-06-19 13:05:24,580 - __main__ - WARNING - Failed to get media details for Bpm1MiLHUs3RA9_P7aqEu5eVbftfNHIEzs6HBM0
2019-06-19 13:05:25,072 - __main__ - WARNING - Failed to get media details for Bpm1MiMnKxxcb3dNAgTTi4-nm1JJxRKsOWRYU40
2019-06-19 13:05:25,877 - __main__ - WARNING - Failed to get media details for Botp7GhHgu6cGs3Vpr0uHfWIGKUWZKMJT3sXxs0
2019-06-19 13:05:26,404 - __main__ - WARNING - Failed to get media details for Botp-EcHWkS0J4sQDT3KUKWsG6BM64w3vV04zs0
2019-06-19 13:05:26,955 - __main__ - WARNING - Failed to get media details for BotqIf_nxq_UAXoeW_oPyUsd7Doyd0YJjIHazw0
2019-06-19 13:05:27,631 - __main__ - WARNING - Failed to get media details for BotqIf-H6HjxpnZn2I0IVQlIaoS2IMH0QXKMJw0
2019-06-19 13:05:28,323 - __main__ - WARNING - Failed to get media details for BotqCern7DoqoRHAG-HRyhYNMLzi1sL5Zac12w0
2019-06-19 13:05:28,851 - __main__ - WARNING - Failed to get media details for BotqIgAHtMKnmckm9MQQV14oUadrPOnzeBP5-g0
2019-06-19 13:05:29,389 - __main__ - WARNING - Failed to get media details for BotqIf_nVg5gwkYVNHkzdc-bjpaHa5HT9i8UD00
2019-06-19 13:05:30,364 - __main__ - WARNING - Failed to get media details for BojRCcUHpY77QaOpH0A73Kvfkdns-V-kZVyX180
2019-06-19 13:05:30,911 - __main__ - WARNING - Failed to get media details for BojRMhmHV1ABES8qvXqvqXFwfXXfCfAyGUNgXQ0
2019-06-19 13:05:31,450 - __main__ - WARNING - Failed to get media details for BojRcFynp_IxKKJn8ATNRqw2Ip1GnMZv1XgGkc0
2019-06-19 13:05:31,999 - __main__ - WARNING - Failed to get media details for BojRcF1HlZGfhNQ9Egq9WOoT_razsWiP-3ZyOM0
2019-06-19 13:05:32,539 - __main__ - WARNING - Failed to get media details for BojRcF0n1COnu5WpPvVJof1-XDqcJ-mZdZLONQ0
2019-06-19 13:05:33,056 - __main__ - WARNING - Failed to get media details for BojRcF1n_wuNwzhwcgqbdmpXvZ5IIL04R9OOcM0
2019-06-19 13:05:33,597 - __main__ - WARNING - Failed to get media details for BojRcFzH6Cr-X74QVXHvF_goShMhK860zr_icM0
2019-06-19 13:05:34,104 - __main__ - WARNING - Failed to get media details for BojRcFznjqojwFNSNElF-5B3JUaDjXTbvAFldo0
2019-06-19 13:05:34,901 - __main__ - WARNING - Failed to get media details for BoevIUiHMNBjmmhZf0Dl0sxLVSWe2R7G2Y4oa00
2019-06-19 13:05:35,395 - __main__ - WARNING - Failed to get media details for BoevIUgnEQpLeKFUTDEWgzX67-wkQQtSS2MIxE0
2019-06-19 13:05:35,915 - __main__ - WARNING - Failed to get media details for BoevIUhHPagTVhGb8t8dvwiFl7foE33SbWNGDQ0
2019-06-19 13:05:36,419 - __main__ - WARNING - Failed to get media details for BoevIUfnuuJDhp9ny-sHnR2pq91hj3Kgcepel00
2019-06-19 13:05:36,945 - __main__ - WARNING - Failed to get media details for BoevIUhnbD6ks6RV8PVj3Qff4-_NJBfCgUNin00
2019-06-19 13:05:37,496 - __main__ - WARNING - Failed to get media details for BoevIUhnpsjCJQ7bw4xjCAi8zKn4nKGf8AUL4I0
2019-06-19 13:05:38,388 - __main__ - WARNING - Failed to get media details for BoX3B6tnzJGYhOvFxW2Ewla4F64DmXpiel_X200
2019-06-19 13:05:38,911 - __main__ - WARNING - Failed to get media details for BoX3B6uni64P58xG5oXyRlrtlNLzXm010bQA200
2019-06-19 13:05:39,449 - __main__ - WARNING - Failed to get media details for BoX3B6unLVC5hqk-p7mxdRQAibLOZR_xGPhexM0
2019-06-19 13:05:40,658 - __main__ - WARNING - Failed to get media details for BoX3B6wnVL9_dqkqVfYP4l8A3mveyphez3zjQs0
2019-06-19 13:05:41,199 - __main__ - WARNING - Failed to get media details for BoX3B6vHTIPoir8_C7somSrdn9aDKf7_qmzVyU0
2019-06-19 13:05:41,735 - __main__ - WARNING - Failed to get media details for BoX3B6vnWdYnZ6m2__x3mIvQd52eoXIxgrzJR80
2019-06-19 13:05:42,270 - __main__ - WARNING - Failed to get media details for BoX3B6vnLiw-MRspvbFFfTKlwO688s4W_t_css0
2019-06-19 13:05:42,800 - __main__ - WARNING - Failed to get media details for BoX3B6wn7mKrcAdeErS8HqlkOgYt6v8okrE6QI0
2019-06-19 13:05:43,349 - __main__ - WARNING - Failed to get media details for BoX3B6wHzidGjt6CkQ-owPIRoQ84-446XFSEiI0
2019-06-19 13:05:44,181 - __main__ - WARNING - Failed to get media details for BnDUTrDjTWI8mUSd3djQkJ3mv937UR9wA-knfw0
2019-06-19 13:05:44,706 - __main__ - WARNING - Failed to get media details for BnDUTxhD2J1GXt-p44OBfFE0XFPXfRFWBI7H4c0
2019-06-19 13:05:45,256 - __main__ - WARNING - Failed to get media details for BnDUT8UjTqJjGU7ZxG4NESHAKSHwaYv3fPLiVE0
2019-06-19 13:05:45,794 - __main__ - WARNING - Failed to get media details for BnDUUGcjWdYcATzeYrSM5yvA-EMdqzmTDTvoaE0
2019-06-19 13:05:46,336 - __main__ - WARNING - Failed to get media details for BnDUUN8DlhIyAzWZ5T4G_PFU2bzLs7Y6o1EjfE0
2019-06-19 13:05:47,037 - __main__ - WARNING - Failed to get media details for BmanKORjdhCptTV2fySn7lLbfB9sieluMsRvcs0
2019-06-19 13:05:47,535 - __main__ - WARNING - Failed to get media details for BmanKXPDACKmit2p2QkfZnxqYNtRWolqOA4XoE0
2019-06-19 13:05:48,018 - __main__ - WARNING - Failed to get media details for BmanKfrjeClQxvNJPm6xDiF4Pnu5-1EONStx7U0
2019-06-19 13:05:48,121 - __main__ - WARNING - No Content-Length in response, the file 60029974_2252387945013030_1256907408642785249_n.jpg may be partially downloaded
2019-06-19 13:05:48,143 - __main__ - WARNING - No Content-Length in response, the file 47031151_894184937639107_6952623313215284130_n.jpg may be partially downloaded
2019-06-19 13:05:48,155 - __main__ - WARNING - No Content-Length in response, the file 50811365_316713358951489_7141590216115710824_n.jpg may be partially downloaded
2019-06-19 13:05:48,174 - __main__ - WARNING - No Content-Length in response, the file 60397757_829382837421210_9060221815798562288_n.jpg may be partially downloaded
2019-06-19 13:05:48,186 - __main__ - WARNING - No Content-Length in response, the file 49406968_365567100936952_2057637047427201295_n.jpg may be partially downloaded
2019-06-19 13:05:48,230 - __main__ - WARNING - No Content-Length in response, the file 50689152_114828632924856_2824951852571971838_n.jpg may be partially downloaded
2019-06-19 13:05:48,258 - __main__ - WARNING - No Content-Length in response, the file 60882100_366095514035086_1293137728125452001_n.jpg may be partially downloaded
2019-06-19 13:05:48,259 - __main__ - WARNING - No Content-Length in response, the file 51339603_634545016964018_3420536682181409108_n.jpg may be partially downloaded
2019-06-19 13:05:48,274 - __main__ - WARNING - No Content-Length in response, the file 47581654_132104844484938_6394713863831589564_n.jpg may be partially downloaded
2019-06-19 13:05:48,304 - __main__ - WARNING - No Content-Length in response, the file 60821814_1743329692480494_1922624949359283205_n.jpg may be partially downloaded
2019-06-19 13:05:48,409 - __main__ - WARNING - No Content-Length in response, the file 60365527_854977834865127_7016169336220861225_n.jpg may be partially downloaded
2019-06-19 13:05:48,410 - __main__ - WARNING - No Content-Length in response, the file 47582354_536530830155949_8643089820613710072_n.jpg may be partially downloaded
2019-06-19 13:05:48,503 - __main__ - WARNING - No Content-Length in response, the file 47434741_1114680458710751_2501242443977243427_n.jpg may be partially downloaded
2019-06-19 13:05:48,534 - __main__ - WARNING - No Content-Length in response, the file 50763444_622736184850294_2666123610969846850_n.jpg may be partially downloaded
2019-06-19 13:05:48,545 - __main__ - WARNING - No Content-Length in response, the file 47693814_930288610509728_3542749524963450433_n.jpg may be partially downloaded
2019-06-19 13:05:48,592 - __main__ - WARNING - No Content-Length in response, the file 47139852_671393576588579_5911775514654466666_n.jpg may be partially downloaded
2019-06-19 13:05:48,610 - __main__ - WARNING - No Content-Length in response, the file 52280212_2293902817534546_6100051219544486521_n.jpg may be partially downloaded
2019-06-19 13:05:48,650 - __main__ - WARNING - No Content-Length in response, the file 49735463_135288587485971_9107371450506559830_n.jpg may be partially downloaded
2019-06-19 13:05:48,652 - __main__ - WARNING - No Content-Length in response, the file 50058438_400913160653561_6951240341214685428_n.jpg may be partially downloaded
2019-06-19 13:05:48,714 - __main__ - WARNING - No Content-Length in response, the file 60092384_1014775792243575_6616464847213668951_n.jpg may be partially downloaded
2019-06-19 13:05:48,724 - __main__ - WARNING - No Content-Length in response, the file 49933670_1367781840031199_781264567829272325_n.jpg may be partially downloaded
2019-06-19 13:05:48,745 - __main__ - WARNING - No Content-Length in response, the file 47584108_736058596779623_8294911673141639346_n.jpg may be partially downloaded
2019-06-19 13:05:48,785 - __main__ - WARNING - No Content-Length in response, the file 49554395_2310939578939533_863389640706854562_n.jpg may be partially downloaded
2019-06-19 13:05:48,805 - __main__ - WARNING - No Content-Length in response, the file 47407931_284721115727843_7479988597384835524_n.jpg may be partially downloaded
2019-06-19 13:05:48,817 - __main__ - WARNING - No Content-Length in response, the file 46180021_1970417642995585_7168524167100145058_n.jpg may be partially downloaded
2019-06-19 13:05:48,858 - __main__ - WARNING - No Content-Length in response, the file 46574883_334392140706711_1634226924406655345_n.jpg may be partially downloaded
2019-06-19 13:05:48,868 - __main__ - WARNING - No Content-Length in response, the file 47583770_603978360030878_1331353913925299578_n.jpg may be partially downloaded
2019-06-19 13:05:48,881 - __main__ - WARNING - No Content-Length in response, the file 46800434_324918474770059_6986111477171216836_n.jpg may be partially downloaded
2019-06-19 13:05:48,884 - __main__ - WARNING - No Content-Length in response, the file 46595219_2083336028390400_5992739778210762847_n.jpg may be partially downloaded
2019-06-19 13:05:48,933 - __main__ - WARNING - No Content-Length in response, the file 47585387_1207154486104211_9186023429059205748_n.jpg may be partially downloaded
2019-06-19 13:05:48,974 - __main__ - WARNING - No Content-Length in response, the file 46758628_217812769111453_2151778107480362211_n.jpg may be partially downloaded
2019-06-19 13:05:48,980 - __main__ - WARNING - No Content-Length in response, the file 51217638_2269170376630414_2604598316595847065_n.jpg may be partially downloaded
2019-06-19 13:05:48,996 - __main__ - WARNING - No Content-Length in response, the file 47583375_327342517869207_6063186070585873774_n.jpg may be partially downloaded
2019-06-19 13:05:49,040 - __main__ - WARNING - No Content-Length in response, the file 46409742_205589827048477_8121294738616296960_n.jpg may be partially downloaded
2019-06-19 13:05:49,064 - __main__ - WARNING - No Content-Length in response, the file 47493677_132205051029336_8127832507184449423_n.jpg may be partially downloaded
2019-06-19 13:05:49,196 - __main__ - WARNING - No Content-Length in response, the file 52624244_763187650725157_8998009298709680556_n.jpg may be partially downloaded
2019-06-19 13:05:49,197 - __main__ - WARNING - No Content-Length in response, the file 45354981_2200243380189303_8186210525836375528_n.jpg may be partially downloaded
2019-06-19 13:05:49,206 - __main__ - WARNING - No Content-Length in response, the file 44246216_1892031140852383_4336913539237110899_n.jpg may be partially downloaded
2019-06-19 13:05:49,303 - __main__ - WARNING - No Content-Length in response, the file 43180271_552279331956122_1997224014415039324_n.jpg may be partially downloaded
2019-06-19 13:05:49,431 - __main__ - WARNING - No Content-Length in response, the file 51662347_559353611212708_5452085616999148524_n.jpg may be partially downloaded
2019-06-19 13:05:49,484 - __main__ - WARNING - No Content-Length in response, the file 47693484_358734808217412_3405510616797787941_n.jpg may be partially downloaded
2019-06-19 13:05:49,487 - __main__ - WARNING - No Content-Length in response, the file 51460961_550288725473779_5647671188842389203_n.jpg may be partially downloaded
2019-06-19 13:05:49,541 - __main__ - WARNING - No Content-Length in response, the file 51356677_123161615409564_7204747473385978512_n.jpg may be partially downloaded
2019-06-19 13:05:49,601 - __main__ - WARNING - No Content-Length in response, the file 42611080_2188275891421429_9056537138650920518_n.jpg may be partially downloaded
2019-06-19 13:05:49,682 - __main__ - WARNING - No Content-Length in response, the file 47693484_362621764546926_171811265594733104_n.jpg may be partially downloaded
2019-06-19 13:05:49,707 - __main__ - WARNING - No Content-Length in response, the file 41534696_2071849786464574_1681431872459365856_n.jpg may be partially downloaded
2019-06-19 13:05:49,728 - __main__ - WARNING - No Content-Length in response, the file 46273777_576604496111969_8314080754856538059_n.jpg may be partially downloaded
2019-06-19 13:05:49,748 - __main__ - WARNING - No Content-Length in response, the file 44645210_2194622507484469_5653760584710848214_n.jpg may be partially downloaded
2019-06-19 13:05:49,814 - __main__ - WARNING - No Content-Length in response, the file 43318588_2235173956767331_5148667197341730115_n.jpg may be partially downloaded
2019-06-19 13:05:49,995 - __main__ - WARNING - No Content-Length in response, the file 46094593_2014470685512742_839575691368950067_n.jpg may be partially downloaded
2019-06-19 13:05:50,013 - __main__ - WARNING - No Content-Length in response, the file 45417243_327000528090214_1110141820600181787_n.jpg may be partially downloaded
2019-06-19 13:05:50,034 - __main__ - WARNING - No Content-Length in response, the file 43913137_284029302218767_4082069650313734467_n.jpg may be partially downloaded
2019-06-19 13:05:50,237 - __main__ - WARNING - No Content-Length in response, the file 42934495_285818625379974_7459884167075788403_n.jpg may be partially downloaded
2019-06-19 13:05:50,316 - __main__ - WARNING - No Content-Length in response, the file 44485523_549694045443825_8935373833844782716_n.jpg may be partially downloaded
2019-06-19 13:05:50,331 - __main__ - WARNING - No Content-Length in response, the file 47075730_1160633137444598_8571462461643210271_n.jpg may be partially downloaded
2019-06-19 13:05:50,490 - __main__ - WARNING - No Content-Length in response, the file 46262408_337839197034164_3202580368873985684_n.jpg may be partially downloaded
2019-06-19 13:05:50,515 - __main__ - WARNING - No Content-Length in response, the file 42003165_1895908657183924_2179355355863235703_n.jpg may be partially downloaded
2019-06-19 13:05:50,547 - __main__ - WARNING - No Content-Length in response, the file 42341769_247275395958686_1105351808319868270_n.jpg may be partially downloaded
2019-06-19 13:05:50,564 - __main__ - WARNING - No Content-Length in response, the file 41463068_891204494601522_615856084315793311_n.jpg may be partially downloaded
2019-06-19 13:05:50,618 - __main__ - WARNING - No Content-Length in response, the file 42078463_728696010796767_6696759396650288429_n.jpg may be partially downloaded
2019-06-19 13:05:50,625 - __main__ - WARNING - No Content-Length in response, the file 42002764_282590299025971_2661241648325833521_n.jpg may be partially downloaded
2019-06-19 13:05:50,742 - __main__ - WARNING - No Content-Length in response, the file 41787757_318169512095152_8106238213625520903_n.jpg may be partially downloaded
2019-06-19 13:05:50,745 - __main__ - WARNING - No Content-Length in response, the file 37508135_2064345340562544_4199476248725946368_n.jpg may be partially downloaded
2019-06-19 13:05:50,815 - __main__ - WARNING - No Content-Length in response, the file 39168689_257711598216589_4552168586432479232_n.jpg may be partially downloaded
2019-06-19 13:05:50,825 - __main__ - WARNING - No Content-Length in response, the file 41767540_929475553910623_9185510581242871443_n.jpg may be partially downloaded
2019-06-19 13:05:50,867 - __main__ - WARNING - No Content-Length in response, the file 38938392_1954855341239466_7490286281184772096_n.jpg may be partially downloaded
2019-06-19 13:05:50,926 - __main__ - WARNING - No Content-Length in response, the file 42402580_296976467696501_6417996674576973947_n.jpg may be partially downloaded
2019-06-19 13:05:51,035 - __main__ - WARNING - No Content-Length in response, the file 42598658_302990187192467_2988352762457784672_n.jpg may be partially downloaded
2019-06-19 13:05:51,060 - __main__ - WARNING - No Content-Length in response, the file 38240850_2190892467797467_3380254779392393216_n.jpg may be partially downloaded
2019-06-19 13:05:51,090 - __main__ - WARNING - No Content-Length in response, the file 41859069_2143487662577930_5366332163738597381_n.jpg may be partially downloaded
2019-06-19 13:05:51,097 - __main__ - WARNING - No Content-Length in response, the file 42325548_821545441570091_6844208596905626376_n.jpg may be partially downloaded
2019-06-19 13:05:51,120 - __main__ - WARNING - No Content-Length in response, the file 41746291_2301323303422811_1570235800011906924_n.jpg may be partially downloaded
2019-06-19 13:05:51,121 - __main__ - WARNING - No Content-Length in response, the file 38254904_301051260658157_7676784051918733312_n.jpg may be partially downloaded
2019-06-19 13:05:51,126 - __main__ - WARNING - No Content-Length in response, the file 39383418_1041645862706711_103507706811252736_n.jpg may be partially downloaded
2019-06-19 13:05:51,232 - __main__ - WARNING - No Content-Length in response, the file 41792243_408018193063292_288979891582450127_n.jpg may be partially downloaded
2019-06-19 13:05:51,276 - __main__ - WARNING - No Content-Length in response, the file 39872619_268289153790621_5878219295028150272_n.jpg may be partially downloaded
2019-06-19 13:05:51,386 - __main__ - WARNING - No Content-Length in response, the file 41627340_1955748637823869_2676404883712098559_n.jpg may be partially downloaded
2019-06-19 13:05:51,459 - __main__ - WARNING - No Content-Length in response, the file 42649292_468055600370204_30960841866998851_n.jpg may be partially downloaded
2019-06-19 13:05:51,541 - __main__ - WARNING - No Content-Length in response, the file 41126394_724436414573503_136796835647976796_n.jpg may be partially downloaded
2019-06-19 13:05:51,546 - __main__ - WARNING - No Content-Length in response, the file 41799043_2077775505806993_7154015892500507940_n.jpg may be partially downloaded
2019-06-19 13:05:51,564 - __main__ - WARNING - No Content-Length in response, the file 39932467_478946269181072_2634823850386259968_n.jpg may be partially downloaded
2019-06-19 13:05:51,657 - __main__ - WARNING - No Content-Length in response, the file 41461964_324830261427556_6221898110949851150_n.jpg may be partially downloaded
2019-06-19 13:05:51,726 - __main__ - WARNING - No Content-Length in response, the file 41707330_169731873953268_2564535815491613392_n.jpg may be partially downloaded
2019-06-19 13:05:51,779 - __main__ - WARNING - No Content-Length in response, the file 42717343_311487242967838_6349318475913611656_n.jpg may be partially downloaded
2019-06-19 13:05:51,782 - __main__ - WARNING - No Content-Length in response, the file 42174958_424449118084480_4316846504356073585_n.jpg may be partially downloaded
2019-06-19 13:05:51,835 - __main__ - WARNING - No Content-Length in response, the file 41730596_276711669652868_2522773547107920902_n.jpg may be partially downloaded
2019-06-19 13:05:51,895 - __main__ - WARNING - No Content-Length in response, the file 41658617_2165380777074188_7158068232735415308_n.jpg may be partially downloaded
